Date: 2016-06-06 07:34:17 - Result: 100 Records
Query: SELECT * FROM  `777live`.`memberavs` LIMIT 100;


Date: 2016-06-06 07:34:27 - Result: 1 Records
Query: SELECT * FROM  `777live`.`memberavs` WHERE memberid = 2199605 LIMIT 100;


Date: 2016-06-06 07:38:59 - Query: SELECT * FROM 777live.tbl_member m
LEFT JOIN 777live.memberavs a ON a.memberid = m.mid AND a.created > '2015-01-01'
WHERE m.mid = 2199605

Error: Eine Spalte names 'created' gehört bereits zu dieser DataTable.

Date: 2016-06-06 07:40:11 - Query: SELECT *m. FROM 777live.tbl_member m
LEFT JOIN 777live.memberavs a ON a.memberid = m.mid AND a.created > '2015-01-01'
WHERE m.mid = 2199605
Error: There is already an open DataReader associated with this Connection which must be closed first.

Date: 2016-06-06 07:40:12 - Query: SELECT *m. FROM 777live.tbl_member m
LEFT JOIN 777live.memberavs a ON a.memberid = m.mid AND a.created > '2015-01-01'
WHERE m.mid = 2199605
Error: There is already an open DataReader associated with this Connection which must be closed first.

Date: 2016-06-06 07:40:13 - Query: SELECT *m. FROM 777live.tbl_member m
LEFT JOIN 777live.memberavs a ON a.memberid = m.mid AND a.created > '2015-01-01'
WHERE m.mid = 2199605
Error: There is already an open DataReader associated with this Connection which must be closed first.

Date: 2016-06-06 07:40:13 - Query: SELECT *m. FROM 777live.tbl_member m
LEFT JOIN 777live.memberavs a ON a.memberid = m.mid AND a.created > '2015-01-01'
WHERE m.mid = 2199605
Error: There is already an open DataReader associated with this Connection which must be closed first.

