Date: 2016-06-07 13:06:48 - Result: 100 Records
Query: SELECT * FROM  `777billing`.`userbankaccount` LIMIT 100;


Date: 2016-06-07 13:07:10 - Result: 100 Records
Query: SELECT * FROM  `777billing`.`userbankaccount` 
ORDER BY CREATED DESC
LIMIT 100;


Date: 2016-06-07 13:08:20 - Query: SELECT count(*), accountnumber FROM  `777billing`.`userbankaccount` 
ORDER BY CREATED DESC
GROUP BY accountnumber

Error: You have an error in your SQL syntax; check the manual that corresponds to your MySQL server version for the right syntax to use near 'GROUP BY accountnumber' at line 3

Date: 2016-06-07 13:08:34 - Result: 3079 Records
Query: SELECT count(*), accountnumber 
FROM  `777billing`.`userbankaccount` 
GROUP BY accountnumber


Date: 2016-06-07 13:09:00 - Result: 350 Records
Query: SELECT count(*), accountnumber 
FROM  `777billing`.`userbankaccount` 
GROUP BY accountnumber
HAVING COUNT(*) > 1


Date: 2016-06-07 13:09:38 - Query: SELECT * FROM 777billing.userbankaccount
 WHERE accountnumber IN (

SELECT count(*), accountnumber 
FROM 777billing.userbankaccount
GROUP BY accountnumber
HAVING COUNT(*) > 1
)
Error: Operand should contain 1 column(s)

Date: 2016-06-07 13:09:48 - Result: 850 Records
Query: SELECT * FROM 777billing.userbankaccount
 WHERE accountnumber IN (

SELECT accountnumber 
FROM 777billing.userbankaccount
GROUP BY accountnumber
HAVING COUNT(*) > 1
)

Date: 2016-06-07 13:11:09 - Query: SELECT * FROM 777billing.userbankaccount u
JOIN 777live.tbl_member m ON m.mid = u.user_id
WHERE accountnumber IN (

SELECT accountnumber 
FROM 777billing.userbankaccount
GROUP BY accountnumber
HAVING COUNT(*) > 1
)
Error: Eine Spalte names 'created' gehört bereits zu dieser DataTable.

Date: 2016-06-07 13:11:29 - Query: SELECT m.* FROM 777billing.userbankaccount u
JOIN 777live.tbl_member m ON m.mid = u.user_id
WHERE accountnumber IN (

SELECT accountnumber 
FROM 777billing.userbankaccount
GROUP BY accountnumber
HAVING COUNT(*) > 1
)
Error: There is already an open DataReader associated with this Connection which must be closed first.

Date: 2016-06-07 13:11:44 - Query: SELECT m.* FROM 777billing.userbankaccount u
JOIN 777live.tbl_member m ON m.mid = u.user_id
WHERE accountnumber IN (

SELECT accountnumber 
FROM 777billing.userbankaccount
GROUP BY accountnumber
HAVING COUNT(*) > 1
)
Error: Unable to convert MySQL date/time value to System.DateTime

Date: 2016-06-07 13:12:01 - Query: SELECT m.mname FROM 777billing.userbankaccount u
JOIN 777live.tbl_member m ON m.mid = u.user_id
WHERE accountnumber IN (

SELECT accountnumber 
FROM 777billing.userbankaccount
GROUP BY accountnumber
HAVING COUNT(*) > 1
)
Error: There is already an open DataReader associated with this Connection which must be closed first.

Date: 2016-06-07 13:12:18 - Result: 850 Records
Query: SELECT m.mname FROM 777billing.userbankaccount u
JOIN 777live.tbl_member m ON m.mid = u.user_id
WHERE accountnumber IN (

SELECT accountnumber 
FROM 777billing.userbankaccount
GROUP BY accountnumber
HAVING COUNT(*) > 1
)

